<?xml version="1.0" encoding="UTF-8"?>
<!-- Generated by org.testng.reporters.JUnitXMLReporter -->
<testsuite hostname="ad" ignored="0" name="Test" tests="3" failures="0" timestamp="08 Sep 2019 11:33:33 GMT" time="25.195" errors="0">
  <testcase name="verifyLaunchApplication" time="7.844" classname="com.FR.TestCases.ExecuteTest"/>
  <testcase name="verifylogin" time="5.618" classname="com.FR.TestCases.ExecuteTest"/>
  <testcase name="verifyTicketBooking" time="4.121" classname="com.FR.TestCases.ExecuteTest"/>
</testsuite> <!-- Test -->
